epoch,te_acc,te_loss,elapsed
0,0.1013999953866005,2.3084867000579834,10.02464771270752
1,0.10080000013113022,2.3067519664764404,7.951452016830444
2,0.10049999505281448,2.307020902633667,7.974725961685181
3,0.1193000003695488,2.3059723377227783,8.362293004989624
4,0.11239999532699585,2.3078243732452393,7.957874774932861
5,0.10869999974966049,2.3010518550872803,8.147917032241821
6,0.11459999531507492,2.2950592041015625,8.077044486999512
7,0.11289999634027481,2.2923712730407715,8.093504667282104
8,0.11050000041723251,2.28861665725708,8.01126503944397
9,0.11779999732971191,2.287770986557007,7.991112470626831
10,0.11499999463558197,2.2903366088867188,8.095149040222168
11,0.11099999397993088,2.2916007041931152,8.09183669090271
12,0.11169999837875366,2.295363426208496,8.130778789520264
13,0.10679999738931656,2.3058037757873535,8.11549687385559
14,0.10749999433755875,2.305178642272949,8.017754316329956
15,0.11749999970197678,2.3131837844848633,8.296792030334473
16,0.11710000038146973,2.315370798110962,8.028656959533691
17,0.13339999318122864,2.3118410110473633,8.170416831970215
18,0.1410999894142151,2.313786745071411,8.096211433410645
19,0.14810000360012054,2.320671796798706,8.406707048416138
20,0.14569999277591705,2.3214545249938965,8.110958576202393
21,0.14299999177455902,2.3468894958496094,8.056448936462402
22,0.156700000166893,2.3476743698120117,8.062120199203491
23,0.1647000014781952,2.370211601257324,8.313805103302002
24,0.17389999330043793,2.4015250205993652,8.174920082092285
25,0.1825999915599823,2.396209716796875,7.937911033630371
26,0.1785999983549118,2.39534068107605,8.114199161529541
27,0.17219999432563782,2.427638292312622,8.714277267456055
28,0.15779998898506165,2.4680049419403076,8.017802238464355
29,0.18150000274181366,2.490398645401001,8.15823221206665
30,0.14669999480247498,2.550316572189331,8.048472881317139
31,0.18629999458789825,2.565993547439575,8.028702020645142
32,0.17599999904632568,2.5856387615203857,7.879436016082764
33,0.18279999494552612,2.62725567817688,8.003007411956787
34,0.18549999594688416,2.6792941093444824,8.028320789337158
35,0.1753000020980835,2.781790018081665,8.098670482635498
36,0.19119998812675476,2.769155740737915,8.076939344406128
37,0.1858000010251999,2.814720392227173,8.161925554275513
38,0.17829999327659607,2.8834950923919678,8.065645694732666
39,0.17109999060630798,2.9772086143493652,8.133302688598633
40,0.1573999971151352,3.0955300331115723,8.114232778549194
41,0.16019999980926514,3.188352584838867,7.940198183059692
42,0.1581999957561493,3.2427334785461426,8.141719102859497
43,0.17189998924732208,3.2040185928344727,8.42601752281189
44,0.16859999299049377,3.2707772254943848,8.017258882522583
45,0.17170000076293945,3.2618346214294434,7.989627361297607
46,0.17479999363422394,3.3253936767578125,8.181138038635254
47,0.17219999432563782,3.396313428878784,8.094379425048828
48,0.16210000216960907,3.48429799079895,8.134597063064575
49,0.16679999232292175,3.5169665813446045,7.897714614868164
50,0.17299999296665192,3.5253961086273193,8.195799350738525
51,0.16409999132156372,3.6202828884124756,8.034152030944824
52,0.16499999165534973,3.6592824459075928,8.257182836532593
53,0.16899999976158142,3.6030051708221436,7.9721739292144775
54,0.18400000035762787,3.6115000247955322,8.330757141113281
55,0.17419999837875366,3.725647449493408,8.167662382125854
56,0.18079999089241028,3.6280577182769775,8.005454301834106
57,0.16349999606609344,3.7929303646087646,8.101102828979492
58,0.16099999845027924,3.794433355331421,8.303735971450806
59,0.16740000247955322,3.756103515625,8.302892208099365
60,0.16339999437332153,3.8897857666015625,8.073925018310547
61,0.16579999029636383,3.8366167545318604,8.14273190498352
62,0.17339999973773956,3.7610342502593994,8.19369912147522
63,0.1712999939918518,3.782602071762085,8.123899459838867
64,0.17409999668598175,3.812397003173828,8.086247205734253
65,0.16699999570846558,3.972377061843872,7.989315509796143
66,0.16699999570846558,3.935359239578247,8.319902896881104
67,0.1761000007390976,3.8151164054870605,8.02979326248169
68,0.18140000104904175,3.630732774734497,8.082308292388916
69,0.19059999287128448,3.620452642440796,8.085673093795776
70,0.19509999454021454,3.483879804611206,8.427568912506104
71,0.19820000231266022,3.4851911067962646,8.021932601928711
72,0.20839999616146088,3.47172474861145,8.126383781433105
73,0.2175999879837036,3.4481780529022217,8.113734722137451
74,0.22849999368190765,3.535903215408325,8.20284628868103
75,0.2272000014781952,3.5754098892211914,8.007109642028809
76,0.23469999432563782,3.4616308212280273,8.14595079421997
77,0.23099999129772186,3.459092617034912,8.049258708953857
78,0.21619999408721924,3.5220859050750732,8.143561601638794
79,0.22059999406337738,3.5284175872802734,8.099279642105103
80,0.21040000021457672,3.5579864978790283,8.041801929473877
81,0.21469999849796295,3.4699971675872803,8.342930555343628
82,0.21389999985694885,3.4965929985046387,7.982799768447876
83,0.21769998967647552,3.6191842555999756,8.101417064666748
84,0.2231999933719635,3.5313844680786133,8.237970352172852
85,0.21169999241828918,3.5365402698516846,8.246763706207275
86,0.2092999964952469,3.5891802310943604,8.061529636383057
87,0.2085999995470047,3.607135057449341,8.025824069976807
88,0.20489999651908875,3.6097028255462646,8.058943510055542
89,0.2076999992132187,3.606154680252075,8.272952556610107
90,0.21389999985694885,3.5484397411346436,8.00221586227417
91,0.2150999903678894,3.5340394973754883,8.082011222839355
92,0.2175999879837036,3.5648458003997803,8.1710786819458
93,0.21079999208450317,3.5930721759796143,8.183054208755493
94,0.2133999913930893,3.605067491531372,8.095735311508179
95,0.21709999442100525,3.6065783500671387,8.250004529953003
96,0.22109998762607574,3.5759246349334717,8.377845525741577
97,0.21409998834133148,3.603006362915039,8.173179626464844
98,0.21220000088214874,3.7050347328186035,8.063830614089966
99,0.21069999039173126,3.7613167762756348,8.062991857528687
100,0.20969998836517334,3.830728530883789,8.073755264282227
101,0.2037999927997589,3.889533758163452,8.302153587341309
102,0.20509999990463257,3.8897581100463867,7.994190454483032
103,0.21299999952316284,3.753324031829834,8.09427261352539
104,0.21599999070167542,3.7221760749816895,8.265146017074585
105,0.21639999747276306,3.6861844062805176,8.18110728263855
106,0.2255999892950058,3.6127712726593018,7.998240947723389
107,0.2239999920129776,3.601283073425293,8.077253818511963
108,0.22499999403953552,3.602001905441284,8.236079216003418
109,0.21459999680519104,3.678478479385376,8.242286920547485
110,0.2198999971151352,3.7105507850646973,8.027029991149902
111,0.21379999816417694,3.760932683944702,8.198416948318481
112,0.2190999984741211,3.70884370803833,8.134207010269165
113,0.22049999237060547,3.667759656906128,8.26675009727478
114,0.22299998998641968,3.591376781463623,7.903099536895752
115,0.22029998898506165,3.5962159633636475,7.947437524795532
116,0.21889999508857727,3.414585828781128,8.065646648406982
117,0.22689999639987946,3.3534491062164307,8.147594213485718
118,0.2158999890089035,3.45290470123291,8.163386821746826
119,0.2231999933719635,3.4580366611480713,8.079856872558594
120,0.2369999885559082,3.2845354080200195,8.086827993392944
121,0.24249999225139618,3.2581162452697754,8.149757146835327
122,0.25439998507499695,3.145419120788574,8.155470371246338
123,0.2667999863624573,3.0656938552856445,8.019129276275635
124,0.2651999890804291,3.0716371536254883,8.033493995666504
125,0.2689000070095062,3.0306220054626465,8.154463529586792
126,0.25519999861717224,3.168271541595459,8.07663607597351
127,0.25270000100135803,3.210115432739258,8.150706052780151
128,0.25609999895095825,3.188628673553467,8.090851068496704
129,0.260699987411499,3.1339430809020996,8.313225030899048
130,0.2653999924659729,3.080782175064087,8.053718328475952
131,0.2705000042915344,2.998387336730957,8.045760869979858
132,0.274399995803833,3.000227451324463,7.8470869064331055
133,0.2709999978542328,3.028385877609253,8.33253264427185
134,0.26819998025894165,3.1025044918060303,8.194193601608276
135,0.26420000195503235,3.144575595855713,8.118680238723755
136,0.2709999978542328,3.1340954303741455,8.272420883178711
137,0.26339998841285706,3.2080748081207275,8.208899974822998
138,0.26729997992515564,3.2415506839752197,8.261403322219849
139,0.2590000033378601,3.2414615154266357,8.022269248962402
140,0.2578999996185303,3.2483603954315186,8.393940210342407
141,0.26479998230934143,3.182101249694824,8.137542724609375
142,0.2703999876976013,3.1174283027648926,8.039218187332153
143,0.26909998059272766,3.0892837047576904,8.09445595741272
144,0.2615000009536743,3.131279230117798,8.473380088806152
145,0.2651999890804291,3.1174278259277344,8.055598020553589
146,0.2662000060081482,3.160290479660034,7.947115421295166
147,0.27160000801086426,3.1075069904327393,8.050233840942383
148,0.2694000005722046,3.101440191268921,8.253145456314087
149,0.27079999446868896,2.96974515914917,8.091827869415283
150,0.2701999843120575,2.9934699535369873,8.1884024143219
151,0.2685000002384186,3.1049928665161133,8.148185729980469
152,0.2683999836444855,3.2372844219207764,8.19100832939148
153,0.2669999897480011,3.24575138092041,8.071223735809326
154,0.26499998569488525,3.245098829269409,7.971461772918701
155,0.2671000063419342,3.2282795906066895,7.997268438339233
156,0.2628999948501587,3.279036045074463,8.360692262649536
157,0.26330000162124634,3.2332255840301514,7.976088285446167
158,0.2556999921798706,3.3031845092773438,8.002695322036743
159,0.25189998745918274,3.3037619590759277,8.065702199935913
160,0.25589999556541443,3.4060161113739014,8.189767599105835
161,0.2449999898672104,3.5019874572753906,8.031026363372803
162,0.24239999055862427,3.51774263381958,8.116355180740356
163,0.2458999902009964,3.475703477859497,7.99114203453064
164,0.2475999891757965,3.4744741916656494,8.24226689338684
165,0.24769999086856842,3.4297292232513428,8.035013437271118
166,0.23729999363422394,3.517446279525757,10.58802080154419
167,0.25220000743865967,3.4316048622131348,9.30000376701355
168,0.24859999120235443,3.5137810707092285,9.251614332199097
169,0.2451999932527542,3.522826910018921,7.9867942333221436
170,0.2304999977350235,3.626354932785034,8.15839958190918
171,0.22679999470710754,3.6407222747802734,8.15041184425354
172,0.22499999403953552,3.7544426918029785,8.88016963005066
173,0.22699999809265137,3.7238497734069824,8.381908178329468
174,0.23119999468326569,3.7161073684692383,8.39662790298462
175,0.2247999906539917,3.7215089797973633,8.695033311843872
176,0.21660000085830688,3.821686029434204,8.007307529449463
177,0.2231999933719635,3.7578864097595215,8.52149224281311
178,0.23179998993873596,3.64935040473938,10.868407249450684
179,0.2402999997138977,3.5599167346954346,8.560344934463501
180,0.23979999125003815,3.596595287322998,10.247316360473633
181,0.22899998724460602,3.7272820472717285,8.628668308258057
182,0.2289000004529953,3.7096810340881348,8.760863542556763
183,0.23249998688697815,3.5536084175109863,8.50524353981018
184,0.2298000007867813,3.6197707653045654,8.483044624328613
185,0.2206999957561493,3.7780675888061523,8.62126350402832
186,0.22859999537467957,3.6697850227355957,9.797533750534058
187,0.22139999270439148,3.8320508003234863,8.649465560913086
188,0.2368999868631363,3.7405130863189697,9.226635932922363
189,0.23389999568462372,3.8114359378814697,8.7057044506073
190,0.24269999563694,3.7355241775512695,8.989222049713135
191,0.2402999997138977,3.746528387069702,9.778631687164307
192,0.2425999939441681,3.7978014945983887,10.52562165260315
193,0.2401999980211258,3.865729808807373,10.317833662033081
194,0.24379999935626984,3.9325826168060303,8.680855989456177
195,0.2433999925851822,3.9292047023773193,9.611187934875488
196,0.25519999861717224,3.8650004863739014,9.417399406433105
197,0.260699987411499,3.721010208129883,9.373879432678223
198,0.2581000030040741,3.719392776489258,8.652134656906128
199,0.25209999084472656,3.7969956398010254,8.77857255935669
200,0.25049999356269836,3.812800645828247,9.1472327709198
201,0.250900000333786,3.855628490447998,8.57015872001648
202,0.24769999086856842,3.8695003986358643,11.684975624084473
203,0.24229998886585236,3.9201793670654297,11.08366060256958
204,0.24069999158382416,3.7950048446655273,8.89784574508667
205,0.24199999868869781,3.786525011062622,8.68602705001831
206,0.23799999058246613,3.8757243156433105,10.701572179794312
207,0.24210000038146973,3.824483871459961,8.918077230453491
208,0.2386000007390976,3.8387043476104736,9.95097303390503
209,0.23929999768733978,3.9181528091430664,10.150308609008789
210,0.2368999868631363,3.9882657527923584,9.137203454971313
211,0.24079999327659607,3.9518110752105713,9.834855079650879
212,0.24089999496936798,3.885988712310791,10.732552528381348
213,0.24159999191761017,3.837956666946411,11.161744356155396
214,0.23909999430179596,3.801152229309082,8.660813093185425
215,0.24139998853206635,3.830418825149536,8.539280891418457
216,0.23889999091625214,3.801969051361084,8.508954048156738
217,0.23199999332427979,3.9000084400177,8.7691490650177
218,0.2298000007867813,4.010951995849609,8.724655866622925
219,0.23019999265670776,3.9906041622161865,8.469244956970215
220,0.23169998824596405,3.9697468280792236,8.601876974105835
221,0.23749999701976776,3.983226776123047,9.26030707359314
222,0.2336999922990799,4.0286102294921875,8.498172998428345
223,0.2401999980211258,3.966218948364258,9.059478044509888
224,0.2329999953508377,4.180399417877197,10.13775110244751
225,0.2369999885559082,4.211915016174316,8.782113075256348
226,0.23489999771118164,4.30439567565918,10.578536033630371
227,0.23429998755455017,4.197441577911377,8.63941240310669
228,0.2256999909877777,4.308384895324707,8.46328091621399
229,0.2264999896287918,4.4038591384887695,9.20841097831726
230,0.22630000114440918,4.352538585662842,7.983572721481323
231,0.2255999892950058,4.3480544090271,9.604111194610596
232,0.22339999675750732,4.331409931182861,8.775339603424072
233,0.22190000116825104,4.3552165031433105,9.079267263412476
234,0.2263999879360199,4.2559494972229,8.572577953338623
235,0.22190000116825104,4.182570934295654,8.994018316268921
236,0.22190000116825104,4.1413116455078125,8.83077073097229
237,0.2223999947309494,4.121323108673096,9.365982294082642
238,0.2207999974489212,4.173713684082031,9.973742008209229
239,0.21149998903274536,4.402896404266357,10.28914737701416
240,0.20809999108314514,4.44200325012207,9.97672414779663
241,0.20839999616146088,4.403642654418945,8.802281618118286
242,0.211899995803833,4.409313201904297,9.216013669967651
243,0.21649999916553497,4.4048075675964355,9.481794357299805
244,0.21539999544620514,4.421264171600342,8.65273642539978
245,0.21849998831748962,4.293862819671631,9.677831411361694
246,0.2207999974489212,4.179775238037109,9.814786672592163
247,0.21819999814033508,4.265380859375,8.985716819763184
248,0.21699999272823334,4.19669771194458,9.197309970855713
249,0.22259999811649323,4.114335060119629,8.468099117279053
250,0.21849998831748962,4.231773853302002,8.862066745758057
251,0.21559999883174896,4.241002082824707,8.722732782363892
252,0.21939998865127563,4.156289100646973,8.850476741790771
253,0.21469999849796295,4.249718189239502,8.393957138061523
254,0.2142999917268753,4.226316928863525,8.120548248291016
255,0.21209999918937683,4.216187477111816,8.70875597000122
256,0.20340000092983246,4.477468967437744,8.866065263748169
257,0.19900000095367432,4.636109828948975,8.792490720748901
258,0.19349999725818634,4.777888298034668,8.44687271118164
259,0.20099999010562897,4.627931118011475,8.611782789230347
260,0.20089998841285706,4.726347923278809,8.559398651123047
261,0.20260000228881836,4.634099006652832,8.475225687026978
262,0.20759999752044678,4.541007041931152,8.748339891433716
263,0.20589999854564667,4.645925045013428,8.565967321395874
264,0.20559999346733093,4.646351337432861,8.979348421096802
265,0.2052999883890152,4.69861364364624,8.609053373336792
266,0.204599991440773,4.7237701416015625,9.310852766036987
267,0.2028999924659729,4.6593217849731445,8.66661787033081
268,0.20549999177455902,4.673219203948975,8.658305168151855
269,0.20189999043941498,4.832298278808594,8.077955961227417
270,0.20109999179840088,4.841652870178223,8.357765197753906
271,0.20170000195503235,4.873520374298096,8.997456312179565
272,0.20430000126361847,4.787319183349609,9.023152351379395
273,0.21119999885559082,4.751741886138916,8.331239700317383
274,0.20819999277591705,4.944377422332764,8.284305095672607
275,0.2126999944448471,4.878179550170898,9.545552015304565
276,0.2092999964952469,4.981183052062988,9.016851425170898
277,0.21159999072551727,5.004543781280518,8.245965719223022
278,0.210099995136261,5.048318386077881,8.202836990356445
279,0.21209999918937683,5.074248313903809,8.614030838012695
280,0.2093999981880188,5.285327434539795,8.798039674758911
281,0.20589999854564667,5.277686595916748,8.188822031021118
282,0.20489999651908875,5.245838642120361,8.689816236495972
283,0.204599991440773,5.235299110412598,8.598137617111206
284,0.20489999651908875,5.257753372192383,8.401039361953735
285,0.20399999618530273,5.317464351654053,9.927952289581299
286,0.20319999754428864,5.2962870597839355,9.236991882324219
287,0.20229999721050262,5.267278671264648,8.62215805053711
288,0.20269998908042908,5.182631969451904,8.77990436553955
289,0.20239999890327454,5.124505043029785,8.740602254867554
290,0.1996999979019165,5.2848968505859375,8.318246126174927
291,0.19609999656677246,5.349253177642822,8.38125205039978
292,0.19539999961853027,5.383403301239014,8.478487253189087
293,0.19249999523162842,5.570712566375732,8.564432144165039
294,0.18969999253749847,5.754020690917969,8.068722486495972
295,0.19119998812675476,5.779407024383545,8.778554677963257
296,0.19119998812675476,5.806128025054932,8.658053159713745
297,0.19489999115467072,5.780223846435547,8.030563354492188
298,0.18889999389648438,5.896782398223877,9.916266918182373
299,0.1876000016927719,6.011657238006592,9.769269466400146
300,0.18709999322891235,6.0121965408325195,8.73301887512207
301,0.18599998950958252,5.9862165451049805,11.913445472717285
302,0.18539999425411224,6.056380748748779,9.6366605758667
303,0.179299995303154,6.210374355316162,9.965985536575317
304,0.18039999902248383,6.322723865509033,9.006832599639893
305,0.18029999732971191,6.187636852264404,11.004557609558105
306,0.17979998886585236,6.278544902801514,9.477213621139526
307,0.1825999915599823,6.198688983917236,12.067872524261475
308,0.18519999086856842,6.054410457611084,11.418175220489502
309,0.18449999392032623,6.146971702575684,8.987469911575317
310,0.18519999086856842,6.2084455490112305,11.49226713180542
311,0.18719999492168427,6.204700946807861,8.933519840240479
312,0.18490000069141388,6.379128932952881,8.716225385665894
313,0.18289999663829803,6.4456939697265625,11.039525985717773
314,0.18150000274181366,6.613245487213135,11.152456045150757
315,0.18069998919963837,6.608808994293213,9.676778554916382
316,0.18320000171661377,6.580685615539551,10.872856855392456
317,0.18119999766349792,6.487306594848633,9.634639024734497
318,0.1784999966621399,6.492996692657471,8.06551718711853
319,0.17389999330043793,6.734052658081055,9.032366514205933
320,0.17309999465942383,6.6785736083984375,10.395923852920532
321,0.17080000042915344,6.7482686042785645,9.821067571640015
322,0.17319999635219574,6.666860103607178,9.765542268753052
323,0.1687999963760376,6.805953502655029,8.8705575466156
324,0.16910000145435333,6.794419765472412,10.251958131790161
325,0.17180000245571136,6.767871379852295,10.372730016708374
326,0.1711999922990799,6.9138922691345215,12.090770483016968
327,0.1680999994277954,6.99877405166626,9.168351650238037
328,0.16779999434947968,7.171735763549805,9.978229522705078
329,0.171999990940094,6.858260154724121,11.10081696510315
330,0.17170000076293945,6.926848888397217,9.080329656600952
331,0.17329999804496765,7.029020309448242,9.599809169769287
332,0.17499999701976776,6.877776622772217,10.223079681396484
333,0.17379999160766602,6.861838340759277,8.702244281768799
334,0.17559999227523804,6.851040840148926,11.386298418045044
335,0.17790000140666962,6.640977382659912,8.785461902618408
336,0.1761000007390976,6.7480010986328125,10.493675470352173
337,0.17579999566078186,6.803736686706543,8.636979579925537
338,0.1761000007390976,6.797186851501465,10.357081174850464
339,0.17249999940395355,6.750129222869873,9.689147472381592
340,0.17549999058246613,6.611184597015381,8.866401195526123
341,0.17790000140666962,6.4625325202941895,10.383057355880737
342,0.17509999871253967,6.4535064697265625,9.441921949386597
343,0.17819999158382416,6.521220684051514,10.059641599655151
344,0.17379999160766602,6.758511543273926,8.588350296020508
345,0.17289999127388,6.769158840179443,8.962469577789307
346,0.17430000007152557,6.795137405395508,8.722107887268066
347,0.171999990940094,6.863671779632568,8.613919019699097
348,0.16679999232292175,7.087444305419922,10.665323734283447
349,0.15850000083446503,7.319763660430908,9.230128288269043
350,0.16269999742507935,7.142473220825195,8.83350658416748
351,0.15950000286102295,7.152181148529053,9.829461097717285
352,0.16269999742507935,7.0734148025512695,12.075711488723755
353,0.16519999504089355,7.152888774871826,9.565831422805786
354,0.16349999606609344,7.3285369873046875,10.563499689102173
355,0.16489998996257782,7.285192012786865,10.60890007019043
356,0.16030000150203705,7.488943576812744,8.710173845291138
357,0.16249999403953552,7.46044397354126,9.721868753433228
358,0.16099999845027924,7.617545127868652,9.669246435165405
359,0.16349999606609344,7.509749412536621,8.40921688079834
360,0.1607999950647354,7.69301176071167,8.622175216674805
361,0.16049998998641968,7.686396598815918,8.792349815368652
362,0.16179999709129333,7.588930130004883,11.546253681182861
363,0.15789999067783356,7.767882823944092,8.709331274032593
364,0.15359999239444733,7.728930950164795,9.541892290115356
365,0.15649999678134918,7.791316509246826,8.370806694030762
366,0.15649999678134918,7.880323886871338,9.546716928482056
367,0.15639999508857727,8.234112739562988,9.107414722442627
368,0.15379999577999115,8.27758502960205,10.324247598648071
369,0.15609999001026154,8.387978553771973,8.689332485198975
370,0.15609999001026154,8.392133712768555,8.501055717468262
371,0.15479999780654907,8.235490798950195,9.631829738616943
372,0.15609999001026154,8.297715187072754,10.660847425460815
373,0.15619999170303345,8.380121231079102,8.824822425842285
374,0.15519998967647552,8.302108764648438,8.883609533309937
375,0.156700000166893,8.499552726745605,9.621906995773315
376,0.15519998967647552,8.61854362487793,8.883419752120972
377,0.15429998934268951,8.542336463928223,8.746919393539429
378,0.15320000052452087,8.78664779663086,10.581469058990479
379,0.1509999930858612,8.85515308380127,9.468504905700684
380,0.15389999747276306,8.63393497467041,8.972748041152954
381,0.15049999952316284,8.830657958984375,8.638519287109375
382,0.15760000050067902,8.595921516418457,10.423578262329102
383,0.16409999132156372,8.580004692077637,10.504687309265137
384,0.1639999896287918,8.738255500793457,8.942217350006104
385,0.16169999539852142,8.911048889160156,12.37883734703064
386,0.16189999878406525,8.707168579101562,9.925451755523682
387,0.16529999673366547,8.63149642944336,9.52076005935669
388,0.16329999268054962,8.69027328491211,10.093235731124878
389,0.16489998996257782,8.697041511535645,9.962211608886719
390,0.17159999907016754,8.705246925354004,9.035356283187866
391,0.17329999804496765,8.565823554992676,8.682510137557983
392,0.17379999160766602,8.549576759338379,8.73154878616333
393,0.1712999939918518,8.828248023986816,10.91772198677063
394,0.16499999165534973,9.27221965789795,9.771905422210693
395,0.16869999468326569,9.074764251708984,10.135451555252075
396,0.17029999196529388,8.903448104858398,10.115055561065674
397,0.17029999196529388,8.878156661987305,10.688083171844482
398,0.16990000009536743,8.871262550354004,9.244736194610596
399,0.17099998891353607,8.794812202453613,8.559386968612671
400,0.17090000212192535,8.794474601745605,10.578615665435791
401,0.17180000245571136,8.910870552062988,11.073121547698975
402,0.17339999973773956,8.802901268005371,9.593894243240356
403,0.17319999635219574,8.97592830657959,10.674351215362549
404,0.1727999895811081,8.929722785949707,8.061819076538086
405,0.17329999804496765,9.062278747558594,8.698545455932617
406,0.1704999953508377,9.037769317626953,8.878195762634277
407,0.16759999096393585,9.192627906799316,11.83718466758728
408,0.16990000009536743,9.048810005187988,8.968843460083008
409,0.16749998927116394,9.190608978271484,9.051124811172485
410,0.1670999974012375,9.182991981506348,9.11703109741211
411,0.16990000009536743,9.09918212890625,9.10962176322937
412,0.17159999907016754,9.096390724182129,8.737076759338379
413,0.16869999468326569,9.252727508544922,11.973635911941528
414,0.17170000076293945,9.20068645477295,10.485786199569702
415,0.1712999939918518,9.245301246643066,9.824523687362671
416,0.17029999196529388,9.260015487670898,9.212779998779297
417,0.16939999163150787,9.395099639892578,8.8387291431427
418,0.16899999976158142,9.322136878967285,10.35089659690857
419,0.17099998891353607,9.266268730163574,8.708472490310669
420,0.1673000007867813,9.502846717834473,8.804930448532104
421,0.16759999096393585,9.349200248718262,8.910866498947144
422,0.16539999842643738,9.67902946472168,9.582798480987549
423,0.1647000014781952,9.948539733886719,9.830594539642334
424,0.16429999470710754,10.126280784606934,9.138227462768555
425,0.16359999775886536,10.19434642791748,8.75129771232605
426,0.1630999892950058,10.17541790008545,9.294092416763306
427,0.16359999775886536,10.22270679473877,9.014394283294678
428,0.16290000081062317,10.46597957611084,9.929996490478516
429,0.16290000081062317,10.38925552368164,8.831849575042725
430,0.16599999368190765,10.249395370483398,9.272579908370972
431,0.17239999771118164,9.917601585388184,8.631914854049683
432,0.16949999332427979,10.04561996459961,11.655914068222046
433,0.1688999980688095,10.027546882629395,11.26817011833191
434,0.1695999950170517,9.807729721069336,8.760491371154785
435,0.17109999060630798,9.941742897033691,8.845365762710571
436,0.17099998891353607,9.989294052124023,10.106126546859741
437,0.1687999963760376,10.27586555480957,8.914459228515625
438,0.1622999906539917,10.567968368530273,11.80119252204895
439,0.1597999930381775,10.638713836669922,10.163143157958984
440,0.16210000216960907,10.48429012298584,8.715878009796143
441,0.1648000031709671,10.568196296691895,8.689577579498291
442,0.1621999889612198,10.56589412689209,8.76050329208374
443,0.16599999368190765,10.61008358001709,8.702489852905273
444,0.1639000028371811,10.658528327941895,8.693320989608765
445,0.16359999775886536,10.653508186340332,7.913727521896362
446,0.1613999903202057,11.091530799865723,8.574079275131226
447,0.1599999964237213,11.32970905303955,9.173404693603516
448,0.15770000219345093,11.440444946289062,12.360385656356812
449,0.15529999136924744,11.61202621459961,8.687195777893066
450,0.16009999811649323,11.730884552001953,8.908073425292969
451,0.15789999067783356,11.823295593261719,8.945784091949463
452,0.15289999544620514,12.164755821228027,8.7667555809021
453,0.15699999034404755,12.021788597106934,8.553619623184204
454,0.1582999974489212,12.144195556640625,8.844114303588867
455,0.15349999070167542,12.396129608154297,9.591049432754517
456,0.1565999984741211,12.381571769714355,9.592419624328613
457,0.16019999980926514,12.324254035949707,8.739029169082642
458,0.16129998862743378,12.312987327575684,9.73836088180542
459,0.16259999573230743,12.26332950592041,11.533502578735352
460,0.16049998998641968,12.294698715209961,9.296983003616333
461,0.15559999644756317,12.48355770111084,11.690886497497559
462,0.16120000183582306,12.390585899353027,10.082507610321045
463,0.16329999268054962,12.206104278564453,10.085867166519165
464,0.16179999709129333,12.369063377380371,8.2706778049469
465,0.1665000021457672,12.27960205078125,9.954514503479004
466,0.16679999232292175,12.383101463317871,8.452983856201172
467,0.1679999977350235,12.458694458007812,8.34767746925354
468,0.16740000247955322,12.40489673614502,8.766074419021606
469,0.16449999809265137,12.64069652557373,8.133320808410645
470,0.16529999673366547,12.717069625854492,8.891871690750122
471,0.1648000031709671,12.83111572265625,12.812927484512329
472,0.16569998860359192,12.712017059326172,10.26717734336853
473,0.16329999268054962,12.521903038024902,9.870904922485352
474,0.1647000014781952,12.644018173217773,10.910320281982422
475,0.16339999437332153,12.695537567138672,9.338440179824829
476,0.15529999136924744,13.020476341247559,10.22916841506958
477,0.15600000321865082,13.105488777160645,8.739294528961182
478,0.1606999933719635,13.089229583740234,10.426762580871582
479,0.15719999372959137,13.289831161499023,8.785959005355835
480,0.15729999542236328,13.626930236816406,9.360053539276123
481,0.1589999943971634,13.603623390197754,9.678874492645264
482,0.15809999406337738,13.561848640441895,8.939213514328003
483,0.1630999892950058,13.74166488647461,10.169103145599365
484,0.16449999809265137,13.656200408935547,10.744316816329956
485,0.16459999978542328,13.570634841918945,10.121988773345947
486,0.16529999673366547,13.78536605834961,10.005835056304932
487,0.16499999165534973,13.91825008392334,8.639169454574585
488,0.16659998893737793,13.64553451538086,9.76674485206604
489,0.16419999301433563,13.75404167175293,10.543174982070923
490,0.16419999301433563,13.943026542663574,10.217785596847534
491,0.16369999945163727,14.051126480102539,8.590107440948486
492,0.16429999470710754,14.310290336608887,9.039408683776855
493,0.16259999573230743,14.0673828125,9.566347122192383
494,0.16110000014305115,14.091879844665527,9.010919570922852
495,0.1630999892950058,14.187044143676758,10.693892478942871
496,0.16369999945163727,13.72736930847168,9.439527750015259
497,0.1605999916791916,14.04660415649414,8.870348930358887
498,0.16120000183582306,14.055658340454102,8.630597114562988
499,0.15929999947547913,14.240901947021484,10.414977550506592
