epoch,te_acc,te_loss,elapsed
0,0.10459999740123749,2.3100035190582275,11.280057668685913
1,0.10949999839067459,2.3091516494750977,8.119774580001831
2,0.11999999731779099,2.3073740005493164,8.111917495727539
3,0.13409999012947083,2.3113059997558594,8.176279067993164
4,0.13660000264644623,2.321108818054199,8.286696434020996
5,0.12299999594688416,2.33235502243042,8.078631162643433
6,0.11289999634027481,2.3508875370025635,8.177403450012207
7,0.10869999974966049,2.3718180656433105,8.039416551589966
8,0.10799999535083771,2.393130302429199,8.198270082473755
9,0.10599999874830246,2.429527759552002,8.12537932395935
10,0.10539999604225159,2.467782735824585,8.146806240081787
11,0.10329999774694443,2.5203301906585693,8.159671783447266
12,0.10339999943971634,2.56775164604187,8.302659749984741
13,0.1030999943614006,2.6192104816436768,8.106510400772095
14,0.10459999740123749,2.65030574798584,8.109243869781494
15,0.10520000010728836,2.6944334506988525,8.28609585762024
16,0.10599999874830246,2.7265613079071045,8.132872581481934
17,0.10589999705553055,2.763986349105835,8.173468351364136
18,0.10610000044107437,2.806980848312378,8.347005844116211
19,0.10899999737739563,2.836127758026123,8.278162479400635
20,0.11379999667406082,2.845550775527954,8.12419843673706
21,0.11959999799728394,2.868852376937866,8.111461162567139
22,0.125900000333786,2.8808820247650146,8.181483745574951
23,0.13379999995231628,2.912787914276123,8.373089075088501
24,0.1404999941587448,2.950979232788086,8.049758434295654
25,0.1477999985218048,2.9769484996795654,8.216237783432007
26,0.15399999916553497,3.0109634399414062,8.10011911392212
27,0.15709999203681946,3.039821147918701,8.420783996582031
28,0.15799999237060547,3.081669330596924,8.157347917556763
29,0.16200000047683716,3.1304614543914795,8.086740970611572
30,0.16120000183582306,3.1912903785705566,8.100801467895508
31,0.16259999573230743,3.2296507358551025,8.319315195083618
32,0.16459999978542328,3.284320116043091,8.116902589797974
33,0.1671999990940094,3.339491605758667,8.22778868675232
34,0.16609999537467957,3.4036951065063477,8.141920566558838
35,0.16659998893737793,3.459019422531128,8.336633920669556
36,0.16839998960494995,3.5077638626098633,8.163399457931519
37,0.16779999434947968,3.5685884952545166,8.054643154144287
38,0.16849999129772186,3.617629289627075,8.168498039245605
39,0.16830000281333923,3.6913204193115234,8.442756414413452
40,0.1673000007867813,3.7836406230926514,8.059170722961426
41,0.16669999063014984,3.8611369132995605,8.150044918060303
42,0.16699999570846558,3.9133658409118652,8.124791860580444
43,0.16599999368190765,3.95475172996521,8.238391160964966
44,0.1655000001192093,4.026806831359863,8.104685306549072
45,0.16459999978542328,4.060683727264404,8.159131526947021
46,0.16449999809265137,4.088866233825684,8.18178105354309
47,0.16359999775886536,4.137607574462891,8.353986263275146
48,0.16419999301433563,4.1640849113464355,8.182351350784302
49,0.16409999132156372,4.189871311187744,8.1253342628479
50,0.1639999896287918,4.218568325042725,8.262867450714111
51,0.16369999945163727,4.239633083343506,8.159237384796143
52,0.1639000028371811,4.2789530754089355,8.175547122955322
53,0.16429999470710754,4.317276477813721,8.131475448608398
54,0.16409999132156372,4.34209680557251,8.34357500076294
55,0.16419999301433563,4.379533290863037,8.237101316452026
56,0.1639999896287918,4.386756420135498,8.11493468284607
57,0.16439999639987946,4.414183616638184,8.172531127929688
58,0.1656000018119812,4.415347099304199,8.37017560005188
59,0.16679999232292175,4.4063825607299805,8.163550853729248
60,0.1655000001192093,4.439920425415039,8.190256595611572
61,0.16619999706745148,4.4389424324035645,8.09188461303711
62,0.1662999987602234,4.420584201812744,8.316523790359497
63,0.16699999570846558,4.406947612762451,8.727795600891113
64,0.1680999994277954,4.395046234130859,8.150972366333008
65,0.16830000281333923,4.401427745819092,8.20612382888794
66,0.16979999840259552,4.395063400268555,8.252723455429077
67,0.16979999840259552,4.3825907707214355,8.126341819763184
68,0.17029999196529388,4.336812496185303,8.202444076538086
69,0.1711999922990799,4.315327167510986,8.258291244506836
70,0.17219999432563782,4.2860307693481445,8.202889919281006
71,0.17520000040531158,4.27451753616333,8.119544744491577
72,0.17659999430179596,4.258117198944092,8.088094711303711
73,0.17899999022483826,4.247949600219727,8.296417951583862
74,0.18369999527931213,4.234912872314453,8.217370986938477
75,0.18869999051094055,4.240074157714844,8.120763778686523
76,0.19119998812675476,4.219006061553955,8.181840419769287
77,0.1891999989748001,4.22206974029541,8.442822456359863
78,0.18769998848438263,4.240852355957031,8.187415361404419
79,0.18689998984336853,4.250740051269531,8.166902542114258
80,0.18439999222755432,4.257329940795898,8.233458757400513
81,0.1817999929189682,4.268372535705566,8.29436182975769
82,0.1800999939441681,4.286555767059326,8.10149621963501
83,0.1784999966621399,4.319002628326416,8.230915307998657
84,0.17749999463558197,4.334433078765869,8.635316133499146
85,0.17659999430179596,4.353370666503906,8.328317165374756
86,0.17520000040531158,4.37371826171875,8.163897037506104
87,0.17409999668598175,4.400638580322266,8.269315242767334
88,0.1711999922990799,4.423959255218506,8.209228038787842
89,0.17149999737739563,4.448022365570068,8.365353107452393
90,0.17249999940395355,4.445116996765137,8.187684774398804
91,0.17440000176429749,4.4620208740234375,8.101922988891602
92,0.1735999882221222,4.507040977478027,8.199645519256592
93,0.17399999499320984,4.515882968902588,8.41340708732605
94,0.17440000176429749,4.520077705383301,8.26735806465149
95,0.17309999465942383,4.546203136444092,8.159798622131348
96,0.1727999895811081,4.570771217346191,8.226956129074097
97,0.1720999926328659,4.610671043395996,8.18233585357666
98,0.17099998891353607,4.6436848640441895,8.26434326171875
99,0.1687999963760376,4.706008434295654,8.14940595626831
100,0.1671999990940094,4.795596599578857,8.391396760940552
101,0.16489998996257782,4.888287544250488,8.191261053085327
102,0.16249999403953552,4.961965084075928,8.214165925979614
103,0.16249999403953552,4.988353729248047,8.18554425239563
104,0.1613999903202057,5.013144493103027,8.34267807006836
105,0.16089999675750732,5.0464863777160645,8.274346828460693
106,0.16129998862743378,5.0657477378845215,8.243502378463745
107,0.16019999980926514,5.085927486419678,8.329860210418701
108,0.16099999845027924,5.107880115509033,8.410997867584229
109,0.1598999947309494,5.159997940063477,8.214947700500488
110,0.1607999950647354,5.1651997566223145,8.185410261154175
111,0.16009999811649323,5.177577495574951,8.21614122390747
112,0.16129998862743378,5.172216415405273,8.347867250442505
113,0.1621999889612198,5.145097255706787,8.252075910568237
114,0.16200000047683716,5.141602039337158,8.1829195022583
115,0.1607999950647354,5.181016445159912,8.259804487228394
116,0.16129998862743378,5.155797958374023,8.504323959350586
117,0.16339999437332153,5.140644550323486,8.238882064819336
118,0.16429999470710754,5.131772994995117,8.26505708694458
119,0.16409999132156372,5.1291728019714355,8.215247631072998
120,0.16300000250339508,5.1224799156188965,8.401903629302979
121,0.1621999889612198,5.120770454406738,8.146873474121094
122,0.16210000216960907,5.096653938293457,8.239080667495728
123,0.16110000014305115,5.091641902923584,8.370667219161987
124,0.16259999573230743,5.103332996368408,8.208581686019897
125,0.16189999878406525,5.118066787719727,8.27943205833435
126,0.16120000183582306,5.124416351318359,8.177788734436035
127,0.16009999811649323,5.142735958099365,8.432012557983398
128,0.1599999964237213,5.151608943939209,8.206535816192627
129,0.15919999778270721,5.155177116394043,8.212862968444824
130,0.1573999971151352,5.164769649505615,8.207736015319824
131,0.15629999339580536,5.150649070739746,8.42777132987976
132,0.1551000028848648,5.156325340270996,8.161276578903198
133,0.15399999916553497,5.174622535705566,8.326473236083984
134,0.1525000035762787,5.224419116973877,8.18072509765625
135,0.15189999341964722,5.285349369049072,8.381801128387451
136,0.15119999647140503,5.324219226837158,8.18113660812378
137,0.15049999952316284,5.3915910720825195,8.295567274093628
138,0.14790000021457672,5.47971248626709,8.258691549301147
139,0.14739999175071716,5.560078144073486,8.196738719940186
140,0.14630000293254852,5.623799800872803,8.209492921829224
141,0.14559999108314514,5.675582408905029,8.221026420593262
142,0.1451999992132187,5.7187819480896,8.18583607673645
143,0.14479999244213104,5.729846000671387,8.28697943687439
144,0.14499999582767487,5.733730316162109,8.278777837753296
145,0.14399999380111694,5.744022369384766,8.265190362930298
146,0.14239999651908875,5.733332633972168,8.387202024459839
147,0.14149999618530273,5.739454746246338,8.216177701950073
148,0.1419999897480011,5.727208614349365,8.216341495513916
149,0.14069999754428864,5.752419471740723,8.246091604232788
150,0.14019998908042908,5.762840270996094,8.36488151550293
151,0.1403999924659729,5.7862629890441895,8.30347490310669
152,0.14059999585151672,5.8099870681762695,8.20305347442627
153,0.14090000092983246,5.821877956390381,8.234355449676514
154,0.1410999894142151,5.8422532081604,8.376959800720215
155,0.142099991440773,5.8512701988220215,8.253643989562988
156,0.1437000036239624,5.854030609130859,8.249103307723999
157,0.14350000023841858,5.885172367095947,8.257663249969482
158,0.14389999210834503,5.900310516357422,8.344933271408081
159,0.1437000036239624,5.938986778259277,8.230014085769653
160,0.14329999685287476,5.980119228363037,8.232338905334473
161,0.14149999618530273,6.039673805236816,8.34065866470337
162,0.14169999957084656,6.054080963134766,8.203227758407593
163,0.14239999651908875,6.077545642852783,8.24628210067749
164,0.14249999821186066,6.097161293029785,8.253184080123901
165,0.14329999685287476,6.077626705169678,8.44846510887146
166,0.14350000023841858,6.086406230926514,8.259783506393433
167,0.1428000032901764,6.098865509033203,8.19002628326416
168,0.14249999821186066,6.1294684410095215,8.203433752059937
169,0.14309999346733093,6.13513708114624,8.206258535385132
170,0.14219999313354492,6.186855316162109,8.193809986114502
171,0.14169999957084656,6.224233150482178,8.164318799972534
172,0.14019998908042908,6.272587299346924,8.225532531738281
173,0.1387999951839447,6.330519676208496,8.401004076004028
174,0.1370999962091446,6.380561828613281,8.257768154144287
175,0.13619999587535858,6.423977851867676,8.240839004516602
176,0.1347000002861023,6.52391242980957,8.424560308456421
177,0.13289999961853027,6.585712909698486,8.378368139266968
178,0.1314999908208847,6.641253471374512,8.18015456199646
179,0.13030000030994415,6.710530757904053,8.239787817001343
180,0.1289999932050705,6.793543338775635,8.277366399765015
181,0.12780000269412994,6.911034107208252,8.362084865570068
182,0.12680000066757202,6.969399452209473,8.188903093338013
183,0.1256999969482422,7.023509979248047,8.211549758911133
184,0.12479999661445618,7.089982986450195,8.210678100585938
185,0.1241999939084053,7.142636775970459,8.442080736160278
186,0.12379999458789825,7.170236110687256,8.275110721588135
187,0.12389999628067017,7.195242404937744,8.180297374725342
188,0.12389999628067017,7.214425563812256,8.316675186157227
189,0.12379999458789825,7.252854347229004,8.271830320358276
190,0.12349999696016312,7.294054985046387,8.185527086257935
191,0.12269999831914902,7.378546237945557,8.255706787109375
192,0.12159999459981918,7.434001922607422,8.466866970062256
193,0.11989999562501907,7.524284362792969,8.26551628112793
194,0.11879999935626984,7.6309404373168945,8.264777898788452
195,0.11829999834299088,7.726338863372803,8.27333927154541
196,0.1184999942779541,7.757085800170898,8.377275943756104
197,0.11909999698400497,7.753505229949951,8.23277735710144
198,0.11969999969005585,7.779040336608887,8.227028369903564
199,0.11979999393224716,7.8359198570251465,8.22042179107666
200,0.11999999731779099,7.839239597320557,8.450615167617798
201,0.12039999663829803,7.853483200073242,8.15672755241394
202,0.1200999990105629,7.8973069190979,8.309885501861572
203,0.12019999325275421,7.9053778648376465,8.210179090499878
204,0.12049999833106995,7.910975933074951,8.394345760345459
205,0.12069999426603317,7.930123805999756,8.232821941375732
206,0.12159999459981918,7.9166789054870605,8.142061948776245
207,0.1224999949336052,7.882656574249268,8.216586589813232
208,0.12370000034570694,7.8606648445129395,8.393030405044556
209,0.12389999628067017,7.87837553024292,8.171178579330444
210,0.12429999560117722,7.872997283935547,8.189918756484985
211,0.12479999661445618,7.885358810424805,8.22411322593689
212,0.125,7.893173694610596,8.322872638702393
213,0.12559999525547028,7.900434970855713,8.272290468215942
214,0.12610000371932983,7.916529655456543,8.263691663742065
215,0.12610000371932983,7.930497169494629,8.385338068008423
216,0.12629999220371246,7.971710681915283,8.194607019424438
217,0.12559999525547028,8.020160675048828,8.330806732177734
218,0.12520000338554382,8.007606506347656,8.241328716278076
219,0.12529999017715454,7.977463722229004,8.433143615722656
220,0.12619999051094055,7.938666343688965,8.10730767250061
221,0.12709999084472656,7.871532440185547,8.337454080581665
222,0.1274999976158142,7.853151321411133,8.226905107498169
223,0.12799999117851257,7.847250461578369,8.42337703704834
224,0.1282999962568283,7.832749843597412,8.190917253494263
225,0.1282999962568283,7.868901252746582,8.165147542953491
226,0.12849999964237213,7.889915943145752,8.19343876838684
227,0.1282999962568283,7.904580593109131,8.50208330154419
228,0.12889999151229858,7.944272518157959,8.153801202774048
229,0.12889999151229858,7.965921401977539,8.22327971458435
230,0.1298999935388565,7.9610276222229,8.247369289398193
231,0.13050000369548798,7.947607040405273,8.408720254898071
232,0.13009999692440033,7.99188756942749,8.222697973251343
233,0.13040000200271606,8.012374877929688,8.270086288452148
234,0.13089999556541443,8.000832557678223,8.173139333724976
235,0.13089999556541443,8.002944946289062,8.253051996231079
236,0.13099999725818634,7.982845783233643,8.23258662223816
237,0.13099999725818634,7.983542442321777,8.25854754447937
238,0.13109999895095825,7.993321418762207,8.358336210250854
239,0.13109999895095825,8.065591812133789,8.26542854309082
240,0.13079999387264252,8.112011909484863,8.24702763557434
241,0.1305999904870987,8.156580924987793,8.192531824111938
242,0.13030000030994415,8.187850952148438,8.408013343811035
243,0.13030000030994415,8.262978553771973,8.301060438156128
244,0.13030000030994415,8.332837104797363,8.252591371536255
245,0.12969999015331268,8.359184265136719,8.246455192565918
246,0.12929999828338623,8.420377731323242,8.356573343276978
247,0.1290999948978424,8.554256439208984,8.272385358810425
248,0.12770000100135803,8.63918685913086,8.195345163345337
249,0.12719999253749847,8.651647567749023,8.2362220287323
250,0.12729999423027039,8.689946174621582,8.48418664932251
251,0.12759999930858612,8.69595718383789,8.26552939414978
252,0.12789998948574066,8.707986831665039,8.211840629577637
253,0.12799999117851257,8.695503234863281,8.270816802978516
254,0.12889999151229858,8.643311500549316,8.441227436065674
255,0.12879998981952667,8.60594367980957,8.235301733016968
256,0.1290999948978424,8.608092308044434,8.261093854904175
257,0.1290999948978424,8.62277603149414,8.355315208435059
258,0.12870000302791595,8.66189956665039,8.175756216049194
259,0.12879998981952667,8.687845230102539,8.266341924667358
260,0.12950000166893005,8.690671920776367,8.215214014053345
261,0.1297999918460846,8.665400505065918,8.404605627059937
262,0.13009999692440033,8.682942390441895,8.252543449401855
263,0.13040000200271606,8.700200080871582,8.20870327949524
264,0.131400004029274,8.67630386352539,8.250059604644775
265,0.13220000267028809,8.672280311584473,8.472520351409912
266,0.13259999454021454,8.684188842773438,8.21545124053955
267,0.13269999623298645,8.726129531860352,8.275784492492676
268,0.13199999928474426,8.797345161437988,8.217366695404053
269,0.13189999759197235,8.880329132080078,8.376893043518066
270,0.13199999928474426,8.935516357421875,8.683832168579102
271,0.13189999759197235,8.979494094848633,8.167913675308228
272,0.13249999284744263,8.960197448730469,8.252470254898071
273,0.13319998979568481,8.972475051879883,8.284698009490967
274,0.1340000033378601,8.978135108947754,8.279311418533325
275,0.13449999690055847,8.977612495422363,8.273252248764038
276,0.13599999248981476,8.998867988586426,8.431307315826416
277,0.13650000095367432,9.013066291809082,8.201126098632812
278,0.13679999113082886,9.08159065246582,8.321394681930542
279,0.13679999113082886,9.16252326965332,8.255859375
280,0.13759998977184296,9.217743873596191,8.332259893417358
281,0.13920000195503235,9.226895332336426,8.25092363357544
282,0.14000000059604645,9.240692138671875,8.1650390625
283,0.140299990773201,9.254945755004883,8.256101846694946
284,0.1412999927997589,9.24227237701416,8.408154010772705
285,0.14100000262260437,9.263653755187988,8.24216341972351
286,0.14139999449253082,9.275227546691895,8.197262048721313
287,0.14159999787807465,9.322436332702637,8.260488271713257
288,0.14169999957084656,9.338006019592285,8.481366157531738
289,0.14190000295639038,9.37412166595459,8.217571258544922
290,0.14159999787807465,9.401089668273926,8.20181393623352
291,0.14219999313354492,9.449604988098145,8.281926155090332
292,0.14169999957084656,9.507997512817383,8.415876626968384
293,0.1428000032901764,9.566163063049316,8.152094841003418
294,0.14259999990463257,9.647095680236816,8.215609312057495
295,0.14159999787807465,9.739564895629883,8.377319574356079
296,0.1419999897480011,9.803605079650879,8.167294263839722
297,0.14149999618530273,9.874635696411133,8.183196067810059
298,0.1412999927997589,9.932497024536133,8.299675464630127
299,0.14159999787807465,9.985777854919434,8.372814178466797
300,0.14139999449253082,10.038766860961914,8.205471277236938
301,0.141199991106987,10.071125030517578,8.17826533317566
302,0.14100000262260437,10.112458229064941,8.156353950500488
303,0.140299990773201,10.181256294250488,8.412552833557129
304,0.13930000364780426,10.263819694519043,8.307004451751709
305,0.13930000364780426,10.310554504394531,8.223142147064209
306,0.13930000364780426,10.363471984863281,8.227280855178833
307,0.13989999890327454,10.381762504577637,8.428203105926514
308,0.1396999955177307,10.430662155151367,8.293912410736084
309,0.14090000092983246,10.45251750946045,8.254555940628052
310,0.14069999754428864,10.524025917053223,8.226377487182617
311,0.14019998908042908,10.584640502929688,8.458909511566162
312,0.140299990773201,10.629100799560547,8.179887056350708
313,0.1404999941587448,10.676216125488281,8.28373384475708
314,0.140299990773201,10.6995849609375,8.246751308441162
315,0.1403999924659729,10.736034393310547,8.41225814819336
316,0.1387999951839447,10.794732093811035,8.229930639266968
317,0.1388999968767166,10.78014087677002,8.24395227432251
318,0.13930000364780426,10.783320426940918,8.293102264404297
319,0.14000000059604645,10.793375015258789,8.195924043655396
320,0.13989999890327454,10.827263832092285,8.231682300567627
321,0.141199991106987,10.810409545898438,8.156207799911499
322,0.14090000092983246,10.814682960510254,8.426984310150146
323,0.14100000262260437,10.817832946777344,8.273282289505005
324,0.14069999754428864,10.83965015411377,8.34536361694336
325,0.1410999894142151,10.863880157470703,8.192116260528564
326,0.1410999894142151,10.906966209411621,8.458677530288696
327,0.14069999754428864,10.940643310546875,8.177882432937622
328,0.14069999754428864,10.968853950500488,8.279855251312256
329,0.14139999449253082,10.995144844055176,8.240500450134277
330,0.1410999894142151,11.026659965515137,8.420332670211792
331,0.1410999894142151,11.102812767028809,8.256704807281494
332,0.14100000262260437,11.149256706237793,8.230872869491577
333,0.140299990773201,11.201288223266602,8.274708032608032
334,0.140299990773201,11.266514778137207,8.432434320449829
335,0.14010000228881836,11.322896003723145,8.254069328308105
336,0.14019998908042908,11.355822563171387,8.214016675949097
337,0.13979999721050262,11.383712768554688,8.13179349899292
338,0.14010000228881836,11.41008186340332,8.38121485710144
339,0.1404999941587448,11.428608894348145,8.232388257980347
340,0.1412999927997589,11.413846969604492,8.248501300811768
341,0.1410999894142151,11.417184829711914,8.237655401229858
342,0.141199991106987,11.428848266601562,8.477912664413452
343,0.1410999894142151,11.495676040649414,8.213198900222778
344,0.14190000295639038,11.524101257324219,8.267307996749878
345,0.14169999957084656,11.55385684967041,8.226564407348633
346,0.14219999313354492,11.56480884552002,8.199669122695923
347,0.14239999651908875,11.542869567871094,8.18862509727478
348,0.142099991440773,11.549277305603027,8.334809064865112
349,0.14190000295639038,11.579137802124023,8.36078429222107
350,0.14159999787807465,11.59292221069336,8.18903374671936
351,0.1412999927997589,11.591297149658203,8.19390082359314
352,0.14149999618530273,11.576403617858887,8.208678245544434
353,0.1419999897480011,11.5708589553833,8.5234694480896
354,0.14149999618530273,11.5451078414917,8.27247428894043
355,0.14190000295639038,11.540168762207031,8.216099262237549
356,0.1428999900817871,11.522017478942871,8.184467554092407
357,0.14319999516010284,11.499095916748047,8.434942483901978
358,0.14309999346733093,11.473246574401855,8.27771282196045
359,0.14249999821186066,11.484611511230469,8.203239440917969
360,0.14270000159740448,11.48609733581543,8.269857168197632
361,0.14350000023841858,11.500720024108887,8.461535453796387
362,0.14299999177455902,11.49832534790039,8.195435523986816
363,0.14350000023841858,11.507373809814453,8.294073104858398
364,0.14419999718666077,11.5108642578125,8.323001384735107
365,0.14409999549388885,11.51047134399414,8.43059253692627
366,0.1437000036239624,11.506502151489258,8.254651546478271
367,0.14419999718666077,11.51503849029541,8.233011960983276
368,0.1445000022649765,11.560129165649414,8.423420429229736
369,0.14479999244213104,11.611198425292969,8.22370171546936
370,0.14479999244213104,11.612476348876953,8.233630657196045
371,0.1454000025987625,11.648591995239258,8.259052991867065
372,0.14649999141693115,11.674819946289062,8.450690269470215
373,0.14720000326633453,11.723896980285645,8.186694383621216
374,0.1477999985218048,11.766931533813477,8.265471458435059
375,0.14739999175071716,11.869061470031738,8.168927907943726
376,0.14729999005794525,11.979180335998535,8.355711221694946
377,0.1469999998807907,12.04946231842041,8.208108186721802
378,0.1467999964952469,12.12427043914795,8.233823537826538
379,0.1459999978542328,12.163321495056152,8.25203251838684
380,0.14569999277591705,12.195308685302734,8.404296636581421
381,0.14630000293254852,12.255885124206543,8.166640043258667
382,0.14659999310970306,12.299580574035645,8.28403353691101
383,0.147599995136261,12.311408996582031,8.303775310516357
384,0.14819999039173126,12.329292297363281,8.281111001968384
385,0.14869999885559082,12.386702537536621,8.243417739868164
386,0.14869999885559082,12.3816499710083,8.568596363067627
387,0.14890000224113464,12.396370887756348,8.379792213439941
388,0.14869999885559082,12.398536682128906,8.276801824569702
389,0.1485999971628189,12.396369934082031,8.238892316818237
390,0.148499995470047,12.41214370727539,8.22467041015625
391,0.1485999971628189,12.424897193908691,8.422964572906494
392,0.14880000054836273,12.402311325073242,8.261620044708252
393,0.148499995470047,12.41550064086914,8.315065145492554
394,0.14810000360012054,12.461134910583496,8.385519027709961
395,0.148499995470047,12.550402641296387,8.394347906112671
396,0.147599995136261,12.590225219726562,8.22734260559082
397,0.14790000021457672,12.653647422790527,8.262770652770996
398,0.1476999968290329,12.697529792785645,8.258021116256714
399,0.1468999981880188,12.749256134033203,8.444135427474976
400,0.1468999981880188,12.808206558227539,8.175970077514648
401,0.1469999998807907,12.872255325317383,8.280137062072754
402,0.1469999998807907,12.922951698303223,8.220311880111694
403,0.14649999141693115,13.005821228027344,8.405096054077148
404,0.1459999978542328,13.079192161560059,8.304677248001099
405,0.14659999310970306,13.13700008392334,9.535071849822998
406,0.1469999998807907,13.184651374816895,8.235519170761108
407,0.14729999005794525,13.238017082214355,8.266055822372437
408,0.14710000157356262,13.278078079223633,8.19584035873413
409,0.1468999981880188,13.296822547912598,8.235366582870483
410,0.14669999480247498,13.336812019348145,8.424919366836548
411,0.14669999480247498,13.38825511932373,8.23593258857727
412,0.1467999964952469,13.441061019897461,8.207222938537598
413,0.14630000293254852,13.506468772888184,8.228788375854492
414,0.14639998972415924,13.563921928405762,8.416589736938477
415,0.14559999108314514,13.59886360168457,8.269145011901855
416,0.14569999277591705,13.679606437683105,8.234291553497314
417,0.14569999277591705,13.756377220153809,8.270325183868408
418,0.14479999244213104,13.81087875366211,8.448119640350342
419,0.1437000036239624,13.868782997131348,8.276731729507446
420,0.14350000023841858,13.91076946258545,8.238707065582275
421,0.14329999685287476,13.96397590637207,8.406081438064575
422,0.14299999177455902,14.00411605834961,8.471904754638672
423,0.14309999346733093,14.03790283203125,8.193055868148804
424,0.1428999900817871,14.049077033996582,8.252329587936401
425,0.14259999990463257,14.085236549377441,8.282058477401733
426,0.1428999900817871,14.098999977111816,8.209021806716919
427,0.14319999516010284,14.118610382080078,8.263281345367432
428,0.14350000023841858,14.171031951904297,8.299314498901367
429,0.14299999177455902,14.253833770751953,8.447821617126465
430,0.1428999900817871,14.316729545593262,8.256383895874023
431,0.14299999177455902,14.340787887573242,8.266120910644531
432,0.14270000159740448,14.394261360168457,8.230321168899536
433,0.14259999990463257,14.441193580627441,8.43368124961853
434,0.141199991106987,14.518455505371094,8.250656604766846
435,0.1410999894142151,14.561677932739258,8.247899770736694
436,0.140299990773201,14.637754440307617,8.231315612792969
437,0.14059999585151672,14.681408882141113,8.500741720199585
438,0.14079999923706055,14.784072875976562,8.301361322402954
439,0.140299990773201,14.822136878967285,8.31050992012024
440,0.13979999721050262,14.875517845153809,8.194436073303223
441,0.1394999921321869,14.911165237426758,8.374744892120361
442,0.13989999890327454,14.919665336608887,8.200979709625244
443,0.1396999955177307,14.951251029968262,8.241342544555664
444,0.1396999955177307,14.99470043182373,8.233725547790527
445,0.1394999921321869,15.060428619384766,8.215719938278198
446,0.13779999315738678,15.138434410095215,8.253878593444824
447,0.13650000095367432,15.20430850982666,8.283178567886353
448,0.13609999418258667,15.261927604675293,8.40891432762146
449,0.13519999384880066,15.31961441040039,8.198999404907227
450,0.13439999520778656,15.36473560333252,8.258753776550293
451,0.13459999859333038,15.389352798461914,8.223589181900024
452,0.1347000002861023,15.4688138961792,8.359540939331055
453,0.1348000019788742,15.49643611907959,8.221511840820312
454,0.13459999859333038,15.517232894897461,8.220312595367432
455,0.13499999046325684,15.568978309631348,8.181806087493896
456,0.13509999215602875,15.59416675567627,8.383460998535156
457,0.13490000367164612,15.625199317932129,8.30567479133606
458,0.13509999215602875,15.645544052124023,8.178723096847534
459,0.13609999418258667,15.657352447509766,8.44577145576477
460,0.13660000264644623,15.649857521057129,8.249134063720703
461,0.13650000095367432,15.604348182678223,8.316974878311157
462,0.13729999959468842,15.53140926361084,8.253308773040771
463,0.13759998977184296,15.530739784240723,8.413838624954224
464,0.1371999979019165,15.591251373291016,8.230191469192505
465,0.1371999979019165,15.647682189941406,8.22810411453247
466,0.13660000264644623,15.716357231140137,8.21514105796814
467,0.13619999587535858,15.805032730102539,8.51892352104187
468,0.13589999079704285,15.855055809020996,8.184641599655151
469,0.13570000231266022,15.890410423278809,8.308490991592407
470,0.13580000400543213,15.934041976928711,8.25482726097107
471,0.1354999989271164,15.96470832824707,8.353985786437988
472,0.1356000006198883,15.988557815551758,8.362497806549072
473,0.13650000095367432,15.969793319702148,8.284355163574219
474,0.1363999992609024,15.958707809448242,8.216962337493896
475,0.13660000264644623,15.941190719604492,8.42854380607605
476,0.13699999451637268,15.925396919250488,8.254218339920044
477,0.1370999962091446,15.92476749420166,8.24949836730957
478,0.1370999962091446,15.935595512390137,8.246246576309204
479,0.13699999451637268,15.935667991638184,8.278574705123901
480,0.13750000298023224,15.946199417114258,8.296282529830933
481,0.13769999146461487,15.957345962524414,8.249669075012207
482,0.13830000162124634,15.950719833374023,8.25735592842102
483,0.13920000195503235,15.93902587890625,8.395896434783936
484,0.1394999921321869,15.933259963989258,8.287144184112549
485,0.13979999721050262,15.916619300842285,8.231276988983154
486,0.140299990773201,15.897445678710938,8.41115665435791
487,0.14069999754428864,15.889522552490234,8.157898187637329
488,0.140299990773201,15.929512023925781,8.289626836776733
489,0.13989999890327454,15.970541954040527,8.259428024291992
490,0.14059999585151672,15.973114967346191,8.489818572998047
491,0.14180000126361847,15.965492248535156,8.231789827346802
492,0.14190000295639038,15.977815628051758,8.202288150787354
493,0.14270000159740448,15.991546630859375,8.247633934020996
494,0.1428000032901764,15.991917610168457,8.362585544586182
495,0.14309999346733093,15.962522506713867,8.270614862442017
496,0.14339999854564667,15.962592124938965,8.296116828918457
497,0.14339999854564667,16.004060745239258,8.25741457939148
498,0.14350000023841858,16.061967849731445,8.416011095046997
499,0.14389999210834503,16.10140609741211,8.146090507507324
